<?xml version="1.0" encoding="UTF-8"?>
<!-- Generated by org.testng.reporters.JUnitXMLReporter -->
<testsuite hostname="iflubber-PC" ignored="0" name="Default test" tests="2" failures="0" timestamp="01 Nov 2017 08:28:28 GMT" time="65.229" errors="0">
  <testcase name="testGoogleSearch1" time="26.812" classname="learn.selenium.webdriver.selenium2.withTestNg.TestNgSeleniumTest"/>
  <testcase name="testGoogleSearch2" time="13.416" classname="learn.selenium.webdriver.selenium2.withTestNg.TestNgSeleniumTest"/>
</testsuite> <!-- Default test -->
