<?xml version="1.0" encoding="UTF-8"?>
<!-- Generated by org.testng.reporters.JUnitXMLReporter -->
<testsuite hostname="iflubber-PC" ignored="0" name="Selenium" tests="2" failures="0" timestamp="01 Nov 2017 08:29:43 GMT" time="49.702" errors="0">
  <testcase name="testGoogleSearch1" time="15.527" classname="learn.selenium.webdriver.selenium2.withTestNg.TestNgSeleniumTest"/>
  <testcase name="testGoogleSearch2" time="12.82" classname="learn.selenium.webdriver.selenium2.withTestNg.TestNgSeleniumTest"/>
</testsuite> <!-- Selenium -->
